  BuscaminasGame.cpp
C:\Users\Alexa Kaarime\OneDrive\Escritorio\Proyectos de programacion\Lenguaje C++\Buscaminas\Buscaminas\BuscaminasGame.cpp(57,77): warning C4244: 'argument': conversion from 'T' to 'T', possible loss of data
C:\Users\Alexa Kaarime\OneDrive\Escritorio\Proyectos de programacion\Lenguaje C++\Buscaminas\Buscaminas\BuscaminasGame.cpp(57,77): warning C4244:         with
C:\Users\Alexa Kaarime\OneDrive\Escritorio\Proyectos de programacion\Lenguaje C++\Buscaminas\Buscaminas\BuscaminasGame.cpp(57,77): warning C4244:         [
C:\Users\Alexa Kaarime\OneDrive\Escritorio\Proyectos de programacion\Lenguaje C++\Buscaminas\Buscaminas\BuscaminasGame.cpp(57,77): warning C4244:             T=int
C:\Users\Alexa Kaarime\OneDrive\Escritorio\Proyectos de programacion\Lenguaje C++\Buscaminas\Buscaminas\BuscaminasGame.cpp(57,77): warning C4244:         ]
C:\Users\Alexa Kaarime\OneDrive\Escritorio\Proyectos de programacion\Lenguaje C++\Buscaminas\Buscaminas\BuscaminasGame.cpp(57,77): warning C4244:         and
C:\Users\Alexa Kaarime\OneDrive\Escritorio\Proyectos de programacion\Lenguaje C++\Buscaminas\Buscaminas\BuscaminasGame.cpp(57,77): warning C4244:         [
C:\Users\Alexa Kaarime\OneDrive\Escritorio\Proyectos de programacion\Lenguaje C++\Buscaminas\Buscaminas\BuscaminasGame.cpp(57,77): warning C4244:             T=float
C:\Users\Alexa Kaarime\OneDrive\Escritorio\Proyectos de programacion\Lenguaje C++\Buscaminas\Buscaminas\BuscaminasGame.cpp(57,77): warning C4244:         ]
C:\Users\Alexa Kaarime\OneDrive\Escritorio\Proyectos de programacion\Lenguaje C++\Buscaminas\Buscaminas\BuscaminasGame.cpp(57,65): warning C4244: 'argument': conversion from 'T' to 'T', possible loss of data
C:\Users\Alexa Kaarime\OneDrive\Escritorio\Proyectos de programacion\Lenguaje C++\Buscaminas\Buscaminas\BuscaminasGame.cpp(57,65): warning C4244:         with
C:\Users\Alexa Kaarime\OneDrive\Escritorio\Proyectos de programacion\Lenguaje C++\Buscaminas\Buscaminas\BuscaminasGame.cpp(57,65): warning C4244:         [
C:\Users\Alexa Kaarime\OneDrive\Escritorio\Proyectos de programacion\Lenguaje C++\Buscaminas\Buscaminas\BuscaminasGame.cpp(57,65): warning C4244:             T=int
C:\Users\Alexa Kaarime\OneDrive\Escritorio\Proyectos de programacion\Lenguaje C++\Buscaminas\Buscaminas\BuscaminasGame.cpp(57,65): warning C4244:         ]
C:\Users\Alexa Kaarime\OneDrive\Escritorio\Proyectos de programacion\Lenguaje C++\Buscaminas\Buscaminas\BuscaminasGame.cpp(57,65): warning C4244:         and
C:\Users\Alexa Kaarime\OneDrive\Escritorio\Proyectos de programacion\Lenguaje C++\Buscaminas\Buscaminas\BuscaminasGame.cpp(57,65): warning C4244:         [
C:\Users\Alexa Kaarime\OneDrive\Escritorio\Proyectos de programacion\Lenguaje C++\Buscaminas\Buscaminas\BuscaminasGame.cpp(57,65): warning C4244:             T=float
C:\Users\Alexa Kaarime\OneDrive\Escritorio\Proyectos de programacion\Lenguaje C++\Buscaminas\Buscaminas\BuscaminasGame.cpp(57,65): warning C4244:         ]
C:\Users\Alexa Kaarime\OneDrive\Escritorio\Proyectos de programacion\Lenguaje C++\Buscaminas\Buscaminas\BuscaminasGame.cpp(59,84): warning C4244: 'argument': conversion from 'T' to 'T', possible loss of data
C:\Users\Alexa Kaarime\OneDrive\Escritorio\Proyectos de programacion\Lenguaje C++\Buscaminas\Buscaminas\BuscaminasGame.cpp(59,84): warning C4244:         with
C:\Users\Alexa Kaarime\OneDrive\Escritorio\Proyectos de programacion\Lenguaje C++\Buscaminas\Buscaminas\BuscaminasGame.cpp(59,84): warning C4244:         [
C:\Users\Alexa Kaarime\OneDrive\Escritorio\Proyectos de programacion\Lenguaje C++\Buscaminas\Buscaminas\BuscaminasGame.cpp(59,84): warning C4244:             T=int
C:\Users\Alexa Kaarime\OneDrive\Escritorio\Proyectos de programacion\Lenguaje C++\Buscaminas\Buscaminas\BuscaminasGame.cpp(59,84): warning C4244:         ]
C:\Users\Alexa Kaarime\OneDrive\Escritorio\Proyectos de programacion\Lenguaje C++\Buscaminas\Buscaminas\BuscaminasGame.cpp(59,84): warning C4244:         and
C:\Users\Alexa Kaarime\OneDrive\Escritorio\Proyectos de programacion\Lenguaje C++\Buscaminas\Buscaminas\BuscaminasGame.cpp(59,84): warning C4244:         [
C:\Users\Alexa Kaarime\OneDrive\Escritorio\Proyectos de programacion\Lenguaje C++\Buscaminas\Buscaminas\BuscaminasGame.cpp(59,84): warning C4244:             T=float
C:\Users\Alexa Kaarime\OneDrive\Escritorio\Proyectos de programacion\Lenguaje C++\Buscaminas\Buscaminas\BuscaminasGame.cpp(59,84): warning C4244:         ]
C:\Users\Alexa Kaarime\OneDrive\Escritorio\Proyectos de programacion\Lenguaje C++\Buscaminas\Buscaminas\BuscaminasGame.cpp(59,72): warning C4244: 'argument': conversion from 'T' to 'T', possible loss of data
C:\Users\Alexa Kaarime\OneDrive\Escritorio\Proyectos de programacion\Lenguaje C++\Buscaminas\Buscaminas\BuscaminasGame.cpp(59,72): warning C4244:         with
C:\Users\Alexa Kaarime\OneDrive\Escritorio\Proyectos de programacion\Lenguaje C++\Buscaminas\Buscaminas\BuscaminasGame.cpp(59,72): warning C4244:         [
C:\Users\Alexa Kaarime\OneDrive\Escritorio\Proyectos de programacion\Lenguaje C++\Buscaminas\Buscaminas\BuscaminasGame.cpp(59,72): warning C4244:             T=int
C:\Users\Alexa Kaarime\OneDrive\Escritorio\Proyectos de programacion\Lenguaje C++\Buscaminas\Buscaminas\BuscaminasGame.cpp(59,72): warning C4244:         ]
C:\Users\Alexa Kaarime\OneDrive\Escritorio\Proyectos de programacion\Lenguaje C++\Buscaminas\Buscaminas\BuscaminasGame.cpp(59,72): warning C4244:         and
C:\Users\Alexa Kaarime\OneDrive\Escritorio\Proyectos de programacion\Lenguaje C++\Buscaminas\Buscaminas\BuscaminasGame.cpp(59,72): warning C4244:         [
C:\Users\Alexa Kaarime\OneDrive\Escritorio\Proyectos de programacion\Lenguaje C++\Buscaminas\Buscaminas\BuscaminasGame.cpp(59,72): warning C4244:             T=float
C:\Users\Alexa Kaarime\OneDrive\Escritorio\Proyectos de programacion\Lenguaje C++\Buscaminas\Buscaminas\BuscaminasGame.cpp(59,72): warning C4244:         ]
C:\Users\Alexa Kaarime\OneDrive\Escritorio\Proyectos de programacion\Lenguaje C++\Buscaminas\Buscaminas\BuscaminasGame.cpp(61,82): warning C4244: 'argument': conversion from 'T' to 'T', possible loss of data
C:\Users\Alexa Kaarime\OneDrive\Escritorio\Proyectos de programacion\Lenguaje C++\Buscaminas\Buscaminas\BuscaminasGame.cpp(61,82): warning C4244:         with
C:\Users\Alexa Kaarime\OneDrive\Escritorio\Proyectos de programacion\Lenguaje C++\Buscaminas\Buscaminas\BuscaminasGame.cpp(61,82): warning C4244:         [
C:\Users\Alexa Kaarime\OneDrive\Escritorio\Proyectos de programacion\Lenguaje C++\Buscaminas\Buscaminas\BuscaminasGame.cpp(61,82): warning C4244:             T=int
C:\Users\Alexa Kaarime\OneDrive\Escritorio\Proyectos de programacion\Lenguaje C++\Buscaminas\Buscaminas\BuscaminasGame.cpp(61,82): warning C4244:         ]
C:\Users\Alexa Kaarime\OneDrive\Escritorio\Proyectos de programacion\Lenguaje C++\Buscaminas\Buscaminas\BuscaminasGame.cpp(61,82): warning C4244:         and
C:\Users\Alexa Kaarime\OneDrive\Escritorio\Proyectos de programacion\Lenguaje C++\Buscaminas\Buscaminas\BuscaminasGame.cpp(61,82): warning C4244:         [
C:\Users\Alexa Kaarime\OneDrive\Escritorio\Proyectos de programacion\Lenguaje C++\Buscaminas\Buscaminas\BuscaminasGame.cpp(61,82): warning C4244:             T=float
C:\Users\Alexa Kaarime\OneDrive\Escritorio\Proyectos de programacion\Lenguaje C++\Buscaminas\Buscaminas\BuscaminasGame.cpp(61,82): warning C4244:         ]
C:\Users\Alexa Kaarime\OneDrive\Escritorio\Proyectos de programacion\Lenguaje C++\Buscaminas\Buscaminas\BuscaminasGame.cpp(61,70): warning C4244: 'argument': conversion from 'T' to 'T', possible loss of data
C:\Users\Alexa Kaarime\OneDrive\Escritorio\Proyectos de programacion\Lenguaje C++\Buscaminas\Buscaminas\BuscaminasGame.cpp(61,70): warning C4244:         with
C:\Users\Alexa Kaarime\OneDrive\Escritorio\Proyectos de programacion\Lenguaje C++\Buscaminas\Buscaminas\BuscaminasGame.cpp(61,70): warning C4244:         [
C:\Users\Alexa Kaarime\OneDrive\Escritorio\Proyectos de programacion\Lenguaje C++\Buscaminas\Buscaminas\BuscaminasGame.cpp(61,70): warning C4244:             T=int
C:\Users\Alexa Kaarime\OneDrive\Escritorio\Proyectos de programacion\Lenguaje C++\Buscaminas\Buscaminas\BuscaminasGame.cpp(61,70): warning C4244:         ]
C:\Users\Alexa Kaarime\OneDrive\Escritorio\Proyectos de programacion\Lenguaje C++\Buscaminas\Buscaminas\BuscaminasGame.cpp(61,70): warning C4244:         and
C:\Users\Alexa Kaarime\OneDrive\Escritorio\Proyectos de programacion\Lenguaje C++\Buscaminas\Buscaminas\BuscaminasGame.cpp(61,70): warning C4244:         [
C:\Users\Alexa Kaarime\OneDrive\Escritorio\Proyectos de programacion\Lenguaje C++\Buscaminas\Buscaminas\BuscaminasGame.cpp(61,70): warning C4244:             T=float
C:\Users\Alexa Kaarime\OneDrive\Escritorio\Proyectos de programacion\Lenguaje C++\Buscaminas\Buscaminas\BuscaminasGame.cpp(61,70): warning C4244:         ]
C:\Users\Alexa Kaarime\OneDrive\Escritorio\Proyectos de programacion\Lenguaje C++\Buscaminas\Buscaminas\BuscaminasGame.cpp(108,19): warning C4244: 'argument': conversion from 'time_t' to 'unsigned int', possible loss of data
C:\Users\Alexa Kaarime\OneDrive\Escritorio\Proyectos de programacion\Lenguaje C++\Buscaminas\Buscaminas\BuscaminasGame.cpp(206,64): warning C4244: 'argument': conversion from 'int' to 'float', possible loss of data
C:\Users\Alexa Kaarime\OneDrive\Escritorio\Proyectos de programacion\Lenguaje C++\Buscaminas\Buscaminas\BuscaminasGame.cpp(206,50): warning C4244: 'argument': conversion from 'int' to 'float', possible loss of data
C:\Users\Alexa Kaarime\OneDrive\Escritorio\Proyectos de programacion\Lenguaje C++\Buscaminas\Buscaminas\BuscaminasGame.cpp(215,78): warning C4244: 'argument': conversion from 'int' to 'float', possible loss of data
C:\Users\Alexa Kaarime\OneDrive\Escritorio\Proyectos de programacion\Lenguaje C++\Buscaminas\Buscaminas\BuscaminasGame.cpp(215,59): warning C4244: 'argument': conversion from 'int' to 'float', possible loss of data
C:\Users\Alexa Kaarime\OneDrive\Escritorio\Proyectos de programacion\Lenguaje C++\Buscaminas\Buscaminas\BuscaminasGame.cpp(219,82): warning C4244: 'argument': conversion from 'int' to 'T', possible loss of data
C:\Users\Alexa Kaarime\OneDrive\Escritorio\Proyectos de programacion\Lenguaje C++\Buscaminas\Buscaminas\BuscaminasGame.cpp(219,82): warning C4244:         with
C:\Users\Alexa Kaarime\OneDrive\Escritorio\Proyectos de programacion\Lenguaje C++\Buscaminas\Buscaminas\BuscaminasGame.cpp(219,82): warning C4244:         [
C:\Users\Alexa Kaarime\OneDrive\Escritorio\Proyectos de programacion\Lenguaje C++\Buscaminas\Buscaminas\BuscaminasGame.cpp(219,82): warning C4244:             T=float
C:\Users\Alexa Kaarime\OneDrive\Escritorio\Proyectos de programacion\Lenguaje C++\Buscaminas\Buscaminas\BuscaminasGame.cpp(219,82): warning C4244:         ]
C:\Users\Alexa Kaarime\OneDrive\Escritorio\Proyectos de programacion\Lenguaje C++\Buscaminas\Buscaminas\BuscaminasGame.cpp(219,72): warning C4244: 'argument': conversion from 'int' to 'T', possible loss of data
C:\Users\Alexa Kaarime\OneDrive\Escritorio\Proyectos de programacion\Lenguaje C++\Buscaminas\Buscaminas\BuscaminasGame.cpp(219,72): warning C4244:         with
C:\Users\Alexa Kaarime\OneDrive\Escritorio\Proyectos de programacion\Lenguaje C++\Buscaminas\Buscaminas\BuscaminasGame.cpp(219,72): warning C4244:         [
C:\Users\Alexa Kaarime\OneDrive\Escritorio\Proyectos de programacion\Lenguaje C++\Buscaminas\Buscaminas\BuscaminasGame.cpp(219,72): warning C4244:             T=float
C:\Users\Alexa Kaarime\OneDrive\Escritorio\Proyectos de programacion\Lenguaje C++\Buscaminas\Buscaminas\BuscaminasGame.cpp(219,72): warning C4244:         ]
C:\Users\Alexa Kaarime\OneDrive\Escritorio\Proyectos de programacion\Lenguaje C++\Buscaminas\Buscaminas\BuscaminasGame.cpp(220,68): warning C4244: 'argument': conversion from 'int' to 'float', possible loss of data
C:\Users\Alexa Kaarime\OneDrive\Escritorio\Proyectos de programacion\Lenguaje C++\Buscaminas\Buscaminas\BuscaminasGame.cpp(220,54): warning C4244: 'argument': conversion from 'int' to 'float', possible loss of data
C:\Users\Alexa Kaarime\OneDrive\Escritorio\Proyectos de programacion\Lenguaje C++\Buscaminas\Buscaminas\BuscaminasGame.cpp(259,82): warning C4244: 'argument': conversion from 'int' to 'T', possible loss of data
C:\Users\Alexa Kaarime\OneDrive\Escritorio\Proyectos de programacion\Lenguaje C++\Buscaminas\Buscaminas\BuscaminasGame.cpp(259,82): warning C4244:         with
C:\Users\Alexa Kaarime\OneDrive\Escritorio\Proyectos de programacion\Lenguaje C++\Buscaminas\Buscaminas\BuscaminasGame.cpp(259,82): warning C4244:         [
C:\Users\Alexa Kaarime\OneDrive\Escritorio\Proyectos de programacion\Lenguaje C++\Buscaminas\Buscaminas\BuscaminasGame.cpp(259,82): warning C4244:             T=float
C:\Users\Alexa Kaarime\OneDrive\Escritorio\Proyectos de programacion\Lenguaje C++\Buscaminas\Buscaminas\BuscaminasGame.cpp(259,82): warning C4244:         ]
C:\Users\Alexa Kaarime\OneDrive\Escritorio\Proyectos de programacion\Lenguaje C++\Buscaminas\Buscaminas\BuscaminasGame.cpp(259,72): warning C4244: 'argument': conversion from 'int' to 'T', possible loss of data
C:\Users\Alexa Kaarime\OneDrive\Escritorio\Proyectos de programacion\Lenguaje C++\Buscaminas\Buscaminas\BuscaminasGame.cpp(259,72): warning C4244:         with
C:\Users\Alexa Kaarime\OneDrive\Escritorio\Proyectos de programacion\Lenguaje C++\Buscaminas\Buscaminas\BuscaminasGame.cpp(259,72): warning C4244:         [
C:\Users\Alexa Kaarime\OneDrive\Escritorio\Proyectos de programacion\Lenguaje C++\Buscaminas\Buscaminas\BuscaminasGame.cpp(259,72): warning C4244:             T=float
C:\Users\Alexa Kaarime\OneDrive\Escritorio\Proyectos de programacion\Lenguaje C++\Buscaminas\Buscaminas\BuscaminasGame.cpp(259,72): warning C4244:         ]
C:\Users\Alexa Kaarime\OneDrive\Escritorio\Proyectos de programacion\Lenguaje C++\Buscaminas\Buscaminas\BuscaminasGame.cpp(260,68): warning C4244: 'argument': conversion from 'int' to 'float', possible loss of data
C:\Users\Alexa Kaarime\OneDrive\Escritorio\Proyectos de programacion\Lenguaje C++\Buscaminas\Buscaminas\BuscaminasGame.cpp(260,54): warning C4244: 'argument': conversion from 'int' to 'float', possible loss of data
C:\Users\Alexa Kaarime\OneDrive\Escritorio\Proyectos de programacion\Lenguaje C++\Buscaminas\Buscaminas\BuscaminasGame.cpp(268,60): warning C4244: 'argument': conversion from 'int' to 'float', possible loss of data
C:\Users\Alexa Kaarime\OneDrive\Escritorio\Proyectos de programacion\Lenguaje C++\Buscaminas\Buscaminas\BuscaminasGame.cpp(268,46): warning C4244: 'argument': conversion from 'int' to 'float', possible loss of data
C:\Users\Alexa Kaarime\OneDrive\Escritorio\Proyectos de programacion\Lenguaje C++\Buscaminas\Buscaminas\BuscaminasGame.cpp(279,41): warning C4244: 'argument': conversion from 'int' to 'T', possible loss of data
C:\Users\Alexa Kaarime\OneDrive\Escritorio\Proyectos de programacion\Lenguaje C++\Buscaminas\Buscaminas\BuscaminasGame.cpp(279,41): warning C4244:         with
C:\Users\Alexa Kaarime\OneDrive\Escritorio\Proyectos de programacion\Lenguaje C++\Buscaminas\Buscaminas\BuscaminasGame.cpp(279,41): warning C4244:         [
C:\Users\Alexa Kaarime\OneDrive\Escritorio\Proyectos de programacion\Lenguaje C++\Buscaminas\Buscaminas\BuscaminasGame.cpp(279,41): warning C4244:             T=float
C:\Users\Alexa Kaarime\OneDrive\Escritorio\Proyectos de programacion\Lenguaje C++\Buscaminas\Buscaminas\BuscaminasGame.cpp(279,41): warning C4244:         ]
C:\Users\Alexa Kaarime\OneDrive\Escritorio\Proyectos de programacion\Lenguaje C++\Buscaminas\Buscaminas\BuscaminasGame.cpp(280,58): warning C4244: 'argument': conversion from 'int' to 'T', possible loss of data
C:\Users\Alexa Kaarime\OneDrive\Escritorio\Proyectos de programacion\Lenguaje C++\Buscaminas\Buscaminas\BuscaminasGame.cpp(280,58): warning C4244:         with
C:\Users\Alexa Kaarime\OneDrive\Escritorio\Proyectos de programacion\Lenguaje C++\Buscaminas\Buscaminas\BuscaminasGame.cpp(280,58): warning C4244:         [
C:\Users\Alexa Kaarime\OneDrive\Escritorio\Proyectos de programacion\Lenguaje C++\Buscaminas\Buscaminas\BuscaminasGame.cpp(280,58): warning C4244:             T=float
C:\Users\Alexa Kaarime\OneDrive\Escritorio\Proyectos de programacion\Lenguaje C++\Buscaminas\Buscaminas\BuscaminasGame.cpp(280,58): warning C4244:         ]
C:\Users\Alexa Kaarime\OneDrive\Escritorio\Proyectos de programacion\Lenguaje C++\Buscaminas\Buscaminas\BuscaminasGame.cpp(280,41): warning C4244: 'argument': conversion from 'int' to 'T', possible loss of data
C:\Users\Alexa Kaarime\OneDrive\Escritorio\Proyectos de programacion\Lenguaje C++\Buscaminas\Buscaminas\BuscaminasGame.cpp(280,41): warning C4244:         with
C:\Users\Alexa Kaarime\OneDrive\Escritorio\Proyectos de programacion\Lenguaje C++\Buscaminas\Buscaminas\BuscaminasGame.cpp(280,41): warning C4244:         [
C:\Users\Alexa Kaarime\OneDrive\Escritorio\Proyectos de programacion\Lenguaje C++\Buscaminas\Buscaminas\BuscaminasGame.cpp(280,41): warning C4244:             T=float
C:\Users\Alexa Kaarime\OneDrive\Escritorio\Proyectos de programacion\Lenguaje C++\Buscaminas\Buscaminas\BuscaminasGame.cpp(280,41): warning C4244:         ]
C:\Users\Alexa Kaarime\OneDrive\Escritorio\Proyectos de programacion\Lenguaje C++\Buscaminas\Buscaminas\BuscaminasGame.cpp(290,45): warning C4244: 'argument': conversion from 'int' to 'T', possible loss of data
C:\Users\Alexa Kaarime\OneDrive\Escritorio\Proyectos de programacion\Lenguaje C++\Buscaminas\Buscaminas\BuscaminasGame.cpp(290,45): warning C4244:         with
C:\Users\Alexa Kaarime\OneDrive\Escritorio\Proyectos de programacion\Lenguaje C++\Buscaminas\Buscaminas\BuscaminasGame.cpp(290,45): warning C4244:         [
C:\Users\Alexa Kaarime\OneDrive\Escritorio\Proyectos de programacion\Lenguaje C++\Buscaminas\Buscaminas\BuscaminasGame.cpp(290,45): warning C4244:             T=float
C:\Users\Alexa Kaarime\OneDrive\Escritorio\Proyectos de programacion\Lenguaje C++\Buscaminas\Buscaminas\BuscaminasGame.cpp(290,45): warning C4244:         ]
C:\Users\Alexa Kaarime\OneDrive\Escritorio\Proyectos de programacion\Lenguaje C++\Buscaminas\Buscaminas\BuscaminasGame.cpp(291,59): warning C4244: 'argument': conversion from 'int' to 'T', possible loss of data
C:\Users\Alexa Kaarime\OneDrive\Escritorio\Proyectos de programacion\Lenguaje C++\Buscaminas\Buscaminas\BuscaminasGame.cpp(291,59): warning C4244:         with
C:\Users\Alexa Kaarime\OneDrive\Escritorio\Proyectos de programacion\Lenguaje C++\Buscaminas\Buscaminas\BuscaminasGame.cpp(291,59): warning C4244:         [
C:\Users\Alexa Kaarime\OneDrive\Escritorio\Proyectos de programacion\Lenguaje C++\Buscaminas\Buscaminas\BuscaminasGame.cpp(291,59): warning C4244:             T=float
C:\Users\Alexa Kaarime\OneDrive\Escritorio\Proyectos de programacion\Lenguaje C++\Buscaminas\Buscaminas\BuscaminasGame.cpp(291,59): warning C4244:         ]
C:\Users\Alexa Kaarime\OneDrive\Escritorio\Proyectos de programacion\Lenguaje C++\Buscaminas\Buscaminas\BuscaminasGame.cpp(291,45): warning C4244: 'argument': conversion from 'int' to 'T', possible loss of data
C:\Users\Alexa Kaarime\OneDrive\Escritorio\Proyectos de programacion\Lenguaje C++\Buscaminas\Buscaminas\BuscaminasGame.cpp(291,45): warning C4244:         with
C:\Users\Alexa Kaarime\OneDrive\Escritorio\Proyectos de programacion\Lenguaje C++\Buscaminas\Buscaminas\BuscaminasGame.cpp(291,45): warning C4244:         [
C:\Users\Alexa Kaarime\OneDrive\Escritorio\Proyectos de programacion\Lenguaje C++\Buscaminas\Buscaminas\BuscaminasGame.cpp(291,45): warning C4244:             T=float
C:\Users\Alexa Kaarime\OneDrive\Escritorio\Proyectos de programacion\Lenguaje C++\Buscaminas\Buscaminas\BuscaminasGame.cpp(291,45): warning C4244:         ]
  Buscaminas.vcxproj -> C:\Users\Alexa Kaarime\OneDrive\Escritorio\Proyectos de programacion\Lenguaje C++\Buscaminas\x64\Debug\Buscaminas.exe
